<?xml version="1.0" encoding="UTF-8"?>
<!-- Generated by org.testng.reporters.JUnitXMLReporter -->
<testsuite ignored="0" hostname="LAPTOP-RNTFED1U" failures="1" tests="15" name="Default test" time="245.764" errors="0" timestamp="17 Jan 2022 12:26:33 GMT">
  <testcase classname="TestOperations.testRunner" name="homePageGetTitle" time="8.729"/>
  <testcase classname="TestOperations.testRunner" name="homePageElement" time="9.162"/>
  <testcase classname="TestOperations.testRunner" name="validAgentDetails" time="18.197"/>
  <testcase classname="TestOperations.testRunner" name="validcustomerLoginDetails" time="15.942"/>
  <testcase classname="TestOperations.testRunner" name="validforgotPasswordDetails" time="12.046"/>
  <testcase classname="TestOperations.testRunner" name="validonewayBooking" time="16.534"/>
  <testcase classname="TestOperations.testRunner" name="validroundtripBooking" time="21.466"/>
  <testcase classname="TestOperations.testRunner" name="validlocalTripBooking" time="16.882">
    <failure type="java.lang.NullPointerException" message="Cannot invoke &amp;quot;String.contains(java.lang.CharSequence)&amp;quot; because &amp;quot;toEscape&amp;quot; is null">
      <![CDATA[java.lang.NullPointerException: Cannot invoke "String.contains(java.lang.CharSequence)" because "toEscape" is null
at org.openqa.selenium.support.ui.Quotes.escape(Quotes.java:42)
at org.openqa.selenium.support.ui.Select.selectByVisibleText(Select.java:113)
at uiRepositories.selectCarPageUI.localBooking(selectCarPageUI.java:221)
at TestOperations.testRunner.validlocalTripBooking(testRunner.java:79)
at java.base/jdk.internal.reflect.NativeMethodAccessorImpl.invoke0(Native Method)
at java.base/jdk.internal.reflect.NativeMethodAccessorImpl.invoke(NativeMethodAccessorImpl.java:77)
at java.base/jdk.internal.reflect.DelegatingMethodAccessorImpl.invoke(DelegatingMethodAccessorImpl.java:43)
at java.base/java.lang.reflect.Method.invoke(Method.java:568)
at org.testng.internal.MethodInvocationHelper.invokeMethod(MethodInvocationHelper.java:124)
at org.testng.internal.Invoker.invokeMethod(Invoker.java:583)
at org.testng.internal.Invoker.invokeTestMethod(Invoker.java:719)
at org.testng.internal.Invoker.invokeTestMethods(Invoker.java:989)
at org.testng.internal.TestMethodWorker.invokeTestMethods(TestMethodWorker.java:125)
at org.testng.internal.TestMethodWorker.run(TestMethodWorker.java:109)
at org.testng.TestRunner.privateRun(TestRunner.java:648)
at org.testng.TestRunner.run(TestRunner.java:505)
at org.testng.SuiteRunner.runTest(SuiteRunner.java:455)
at org.testng.SuiteRunner.runSequentially(SuiteRunner.java:450)
at org.testng.SuiteRunner.privateRun(SuiteRunner.java:415)
at org.testng.SuiteRunner.run(SuiteRunner.java:364)
at org.testng.SuiteRunnerWorker.runSuite(SuiteRunnerWorker.java:52)
at org.testng.SuiteRunnerWorker.run(SuiteRunnerWorker.java:84)
at org.testng.TestNG.runSuitesSequentially(TestNG.java:1208)
at org.testng.TestNG.runSuitesLocally(TestNG.java:1137)
at org.testng.TestNG.runSuites(TestNG.java:1049)
at org.testng.TestNG.run(TestNG.java:1017)
at org.testng.remote.AbstractRemoteTestNG.run(AbstractRemoteTestNG.java:115)
at org.testng.remote.RemoteTestNG.initAndRun(RemoteTestNG.java:251)
at org.testng.remote.RemoteTestNG.main(RemoteTestNG.java:77)
]]>
    </failure>
  </testcase> <!-- validlocalTripBooking -->
  <testcase classname="TestOperations.testRunner" name="validFromAirportTripBooking" time="22.45"/>
  <testcase classname="TestOperations.testRunner" name="validToAirportTripBooking" time="24.741"/>
  <testcase classname="TestOperations.testRunner" name="validContactDetails" time="16.215"/>
  <testcase classname="TestOperations.testRunner" name="validbloggerSocialLinkDetails" time="15.673"/>
  <testcase classname="TestOperations.testRunner" name="validAboutDetails" time="14.925"/>
  <testcase classname="TestOperations.testRunner" name="validcabTypeDetails" time="14.337"/>
  <testcase classname="TestOperations.testRunner" name="validcarRentalDetails" time="14.904"/>
</testsuite> <!-- Default test -->
